[    0.000000] Linux version 4.15.0-212-generic (buildd@lcy02-amd64-083) (gcc version 7.5.0 (Ubuntu 7.5.0-3ubuntu1~18.04)) #223-Ubuntu SMP Tue May 23 13:09:22 UTC 2023 (Ubuntu 4.15.0-212.223-generic 4.15.18)
[    0.000000] Command line: BOOT_IMAGE=/boot/vmlinuz-4.15.0-212-generic root=LABEL=cloudimg-rootfs ro console=tty1 console=ttyS0
[    0.000000] KERNEL supported cpus:
[    0.000000]   Intel GenuineIntel
[    0.000000]   AMD AuthenticAMD
[    0.000000]   Centaur CentaurHauls
[    0.000000] x86/fpu: x87 FPU will use FXSAVE
[    0.000000] e820: BIOS-provided physical RAM map:
[    0.000000] BIOS-e820: [mem 0x0000000000000000-0x000000000009fbff] usable
[    0.000000] BIOS-e820: [mem 0x000000000009fc00-0x000000000009ffff] reserved
[    0.000000] BIOS-e820: [mem 0x00000000000f0000-0x00000000000fffff] reserved
[    0.000000] BIOS-e820: [mem 0x0000000000100000-0x000000003ffeffff] usable
[    0.000000] BIOS-e820: [mem 0x000000003fff0000-0x000000003fffffff] ACPI data
[    0.000000] BIOS-e820: [mem 0x00000000fec00000-0x00000000fec00fff] reserved
[    0.000000] BIOS-e820: [mem 0x00000000fee00000-0x00000000fee00fff] reserved
[    0.000000] BIOS-e820: [mem 0x00000000fffc0000-0x00000000ffffffff] reserved
[    0.000000] NX (Execute Disable) protection: active
[    0.000000] SMBIOS 2.5 present.
[    0.000000] DMI: innotek GmbH VirtualBox/VirtualBox, BIOS VirtualBox 12/01/2006
[    0.000000] Hypervisor detected: KVM
[    0.000000] e820: last_pfn = 0x3fff0 max_arch_pfn = 0x400000000
[    0.000000] x86/PAT: Configuration [0-7]: WB  WC  UC- UC  WB  WP  UC- WT  
[    0.000000] CPU MTRRs all blank - virtualized system.
[    0.000000] found SMP MP-table at [mem 0x0009fbf0-0x0009fbff]
[    0.000000] Scanning 1 areas for low memory corruption
[    0.000000] RAMDISK: [mem 0x359cb000-0x36cdcfff]
[    0.000000] ACPI: Early table checksum verification disabled
[    0.000000] ACPI: RSDP 0x00000000000E0000 000024 (v02 VBOX  )
[    0.000000] ACPI: XSDT 0x000000003FFF0030 00003C (v01 VBOX   VBOXXSDT 00000001 ASL  00000061)
[    0.000000] ACPI: FACP 0x000000003FFF00F0 0000F4 (v04 VBOX   VBOXFACP 00000001 ASL  00000061)
[    0.000000] ACPI: DSDT 0x000000003FFF0610 002353 (v02 VBOX   VBOXBIOS 00000002 INTL 20100528)
[    0.000000] ACPI: FACS 0x000000003FFF0200 000040
[    0.000000] ACPI: FACS 0x000000003FFF0200 000040
[    0.000000] ACPI: APIC 0x000000003FFF0240 00005C (v02 VBOX   VBOXAPIC 00000001 ASL  00000061)
[    0.000000] ACPI: SSDT 0x000000003FFF02A0 00036C (v01 VBOX   VBOXCPUT 00000002 INTL 20100528)
[    0.000000] ACPI: Reserving FACP table memory at [mem 0x3fff00f0-0x3fff01e3]
[    0.000000] ACPI: Reserving DSDT table memory at [mem 0x3fff0610-0x3fff2962]
[    0.000000] ACPI: Reserving FACS table memory at [mem 0x3fff0200-0x3fff023f]
[    0.000000] ACPI: Reserving FACS table memory at [mem 0x3fff0200-0x3fff023f]
[    0.000000] ACPI: Reserving APIC table memory at [mem 0x3fff0240-0x3fff029b]
[    0.000000] ACPI: Reserving SSDT table memory at [mem 0x3fff02a0-0x3fff060b]
[    0.000000] No NUMA configuration found
[    0.000000] Faking a node at [mem 0x0000000000000000-0x000000003ffeffff]
[    0.000000] NODE_DATA(0) allocated [mem 0x3ffc5000-0x3ffeffff]
[    0.000000] kvm-clock: cpu 0, msr 0:3ff44001, primary cpu clock
[    0.000000] kvm-clock: Using msrs 4b564d01 and 4b564d00
[    0.000000] kvm-clock: using sched offset of 7322571082 cycles
[    0.000000] clocksource: kvm-clock: mask: 0xffffffffffffffff max_cycles: 0x1cd42e4dffb, max_idle_ns: 881590591483 ns
[    0.000000] Zone ranges:
[    0.000000]   DMA      [mem 0x0000000000001000-0x0000000000ffffff]
[    0.000000]   DMA32    [mem 0x0000000001000000-0x000000003ffeffff]
[    0.000000]   Normal   empty
[    0.000000]   Device   empty
[    0.000000] Movable zone start for each node
[    0.000000] Early memory node ranges
[    0.000000]   node   0: [mem 0x0000000000001000-0x000000000009efff]
[    0.000000]   node   0: [mem 0x0000000000100000-0x000000003ffeffff]
[    0.000000] Reserved but unavailable: 104 pages
[    0.000000] Initmem setup node 0 [mem 0x0000000000001000-0x000000003ffeffff]
[    0.000000] ACPI: PM-Timer IO Port: 0x4008
[    0.000000] IOAPIC[0]: apic_id 2, version 32, address 0xfec00000, GSI 0-23
[    0.000000] ACPI: INT_SRC_OVR (bus 0 bus_irq 0 global_irq 2 dfl dfl)
[    0.000000] ACPI: INT_SRC_OVR (bus 0 bus_irq 9 global_irq 9 low level)
[    0.000000] Using ACPI (MADT) for SMP configuration information
[    0.000000] smpboot: Allowing 2 CPUs, 0 hotplug CPUs
[    0.000000] PM: Registered nosave memory: [mem 0x00000000-0x00000fff]
[    0.000000] PM: Registered nosave memory: [mem 0x0009f000-0x0009ffff]
[    0.000000] PM: Registered nosave memory: [mem 0x000a0000-0x000effff]
[    0.000000] PM: Registered nosave memory: [mem 0x000f0000-0x000fffff]
[    0.000000] e820: [mem 0x40000000-0xfebfffff] available for PCI devices
[    0.000000] Booting paravirtualized kernel on KVM
[    0.000000] clocksource: refined-jiffies: mask: 0xffffffff max_cycles: 0xffffffff, max_idle_ns: 7645519600211568 ns
[    0.000000] setup_percpu: NR_CPUS:8192 nr_cpumask_bits:2 nr_cpu_ids:2 nr_node_ids:1
[    0.000000] percpu: Embedded 50 pages/cpu s167936 r8192 d28672 u1048576
[    0.000000] PV qspinlock hash table entries: 256 (order: 0, 4096 bytes)
[    0.000000] Built 1 zonelists, mobility grouping on.  Total pages: 257913
[    0.000000] Policy zone: DMA32
[    0.000000] Kernel command line: BOOT_IMAGE=/boot/vmlinuz-4.15.0-212-generic root=LABEL=cloudimg-rootfs ro console=tty1 console=ttyS0
[    0.000000] Memory: 982644K/1048120K available (12300K kernel code, 2477K rwdata, 4324K rodata, 2480K init, 2720K bss, 65476K reserved, 0K cma-reserved)
[    0.000000] SLUB: HWalign=64, Order=0-3, MinObjects=0, CPUs=2, Nodes=1
[    0.000000] ftrace: allocating 39508 entries in 155 pages
[    0.004000] Hierarchical RCU implementation.
[    0.004000] 	RCU restricting CPUs from NR_CPUS=8192 to nr_cpu_ids=2.
[    0.004000] 	Tasks RCU enabled.
[    0.004000] RCU: Adjusting geometry for rcu_fanout_leaf=16, nr_cpu_ids=2
[    0.004000] NR_IRQS: 524544, nr_irqs: 440, preallocated irqs: 16
[    0.004000] random: crng init done
[    0.004000] Console: colour VGA+ 80x25
[    0.004000] console [tty1] enabled
[    0.004000] console [ttyS0] enabled
[    0.004000] ACPI: Core revision 20170831
[    0.004000] ACPI: 2 ACPI AML tables successfully acquired and loaded
[    0.004000] APIC: Switch to symmetric I/O mode setup
[    0.004000] ..TIMER: vector=0x30 apic1=0 pin1=2 apic2=-1 pin2=-1
[    0.004020] tsc: Detected 2303.998 MHz processor
[    0.012029] Calibrating delay loop (skipped) preset value.. 4607.99 BogoMIPS (lpj=9215992)
[    0.016014] pid_max: default: 32768 minimum: 301
[    0.020192] Security Framework initialized
[    0.024007] Yama: becoming mindful.
[    0.028466] AppArmor: AppArmor initialized
[    0.052458] Dentry cache hash table entries: 131072 (order: 8, 1048576 bytes)
[    0.067473] Inode-cache hash table entries: 65536 (order: 7, 524288 bytes)
[    0.072197] Mount-cache hash table entries: 2048 (order: 2, 16384 bytes)
[    0.076205] Mountpoint-cache hash table entries: 2048 (order: 2, 16384 bytes)
[    0.093875] Last level iTLB entries: 4KB 0, 2MB 0, 4MB 0
[    0.096013] Last level dTLB entries: 4KB 0, 2MB 0, 4MB 0, 1GB 0
[    0.100022] Spectre V1 : Mitigation: usercopy/swapgs barriers and __user pointer sanitization
[    0.104015] Spectre V2 : Mitigation: Enhanced IBRS
[    0.108011] Spectre V2 : Spectre v2 / SpectreRSB mitigation: Filling RSB on context switch
[    0.112013] Spectre V2 : Spectre v2 / PBRSB-eIBRS: Retire a single CALL on VMEXIT
[    0.116014] RETBleed: Mitigation: Enhanced IBRS
[    0.120011] Speculative Store Bypass: Vulnerable
[    0.128450] Freeing SMP alternatives memory: 36K
[    0.264000] smpboot: CPU0: 11th Gen Intel(R) Core(TM) i7-11800H @ 2.30GHz (family: 0x6, model: 0x8d, stepping: 0x1)
[    0.268364] Performance Events: unsupported p6 CPU model 141 no PMU driver, software events only.
[    0.276226] Hierarchical SRCU implementation.
[    0.287447] NMI watchdog: Perf event create on CPU 0 failed with -2
[    0.288010] NMI watchdog: Perf NMI watchdog permanently disabled
[    0.296081] smp: Bringing up secondary CPUs ...
[    0.306366] x86: Booting SMP configuration:
[    0.308012] .... node  #0, CPUs:      #1
[    0.004000] kvm-clock: cpu 1, msr 0:3ff44041, secondary cpu clock
[    0.350746] TSC synchronization [CPU#0 -> CPU#1]:
[    0.352000] Measured 106340 cycles TSC warp between CPUs, turning off TSC clock.
[    0.352000] tsc: Marking TSC unstable due to check_tsc_sync_source failed
[    0.356931] smp: Brought up 1 node, 2 CPUs
[    0.360018] smpboot: Max logical packages: 1
[    0.364015] smpboot: Total of 2 processors activated (9215.99 BogoMIPS)
[    0.390819] devtmpfs: initialized
[    0.404635] x86/mm: Memory block size: 128MB
[    0.433462] evm: security.selinux
[    0.452014] evm: security.SMACK64
[    0.476013] evm: security.SMACK64EXEC
[    0.500013] evm: security.SMACK64TRANSMUTE
[    0.528010] evm: security.SMACK64MMAP
[    0.552011] evm: security.apparmor
[    0.572010] evm: security.ima
[    0.588012] evm: security.capability
[    0.608353] clocksource: jiffies: mask: 0xffffffff max_cycles: 0xffffffff, max_idle_ns: 7645041785100000 ns
[    0.644032] futex hash table entries: 512 (order: 3, 32768 bytes)
[    0.668695] pinctrl core: initialized pinctrl subsystem
[    0.685509] RTC time:  9:46:41, date: 01/14/26
[    0.704900] NET: Registered protocol family 16
[    0.720484] audit: initializing netlink subsys (disabled)
[    0.744033] audit: type=2000 audit(1768384008.093:1): state=initialized audit_enabled=0 res=1
[    0.752150] cpuidle: using governor ladder
[    0.772039] cpuidle: using governor menu
[    0.796197] ACPI: bus type PCI registered
[    0.816077] acpiphp: ACPI Hot Plug PCI Controller Driver version: 0.5
[    0.848551] PCI: Using configuration type 1 for base access
[    0.880842] HugeTLB registered 2.00 MiB page size, pre-allocated 0 pages
[    0.921128] ACPI: Added _OSI(Module Device)
[    0.944016] ACPI: Added _OSI(Processor Device)
[    0.964013] ACPI: Added _OSI(3.0 _SCP Extensions)
[    0.984014] ACPI: Added _OSI(Processor Aggregator Device)
[    1.000014] ACPI: Added _OSI(Linux-Dell-Video)
[    1.016016] ACPI: Added _OSI(Linux-Lenovo-NV-HDMI-Audio)
[    1.032015] ACPI: Added _OSI(Linux-HPI-Hybrid-Graphics)
[    1.055047] ACPI: Executed 1 blocks of module-level executable AML code
[    1.091313] ACPI: Interpreter enabled
[    1.108046] ACPI: (supports S0 S5)
[    1.120011] ACPI: Using IOAPIC for interrupt routing
[    1.141367] PCI: Using host bridge windows from ACPI; if necessary, use "pci=nocrs" and report a bug
[    1.180836] ACPI: Enabled 2 GPEs in block 00 to 07
[    1.235088] ACPI: PCI Root Bridge [PCI0] (domain 0000 [bus 00-ff])
[    1.260026] acpi PNP0A03:00: _OSC: OS supports [ASPM ClockPM Segments MSI]
[    1.290941] acpi PNP0A03:00: _OSC: not requesting OS control; OS requires [ExtendedConfig ASPM ClockPM MSI]
[    1.332050] acpi PNP0A03:00: fail to add MMCONFIG information, can't access extended PCI configuration space under this bridge.
[    1.384036] PCI host bridge to bus 0000:00
[    1.404022] pci_bus 0000:00: root bus resource [io  0x0000-0x0cf7 window]
[    1.432017] pci_bus 0000:00: root bus resource [io  0x0d00-0xffff window]
[    1.460021] pci_bus 0000:00: root bus resource [mem 0x000a0000-0x000bffff window]
[    1.484015] pci_bus 0000:00: root bus resource [mem 0x40000000-0xfdffffff window]
[    1.512015] pci_bus 0000:00: root bus resource [bus 00-ff]
[    1.552580] pci 0000:00:01.1: legacy IDE quirk: reg 0x10: [io  0x01f0-0x01f7]
[    1.580016] pci 0000:00:01.1: legacy IDE quirk: reg 0x14: [io  0x03f6]
[    1.604008] pci 0000:00:01.1: legacy IDE quirk: reg 0x18: [io  0x0170-0x0177]
[    1.628022] pci 0000:00:01.1: legacy IDE quirk: reg 0x1c: [io  0x0376]
[    1.742847] pci 0000:00:07.0: quirk: [io  0x4000-0x403f] claimed by PIIX4 ACPI
[    1.768134] pci 0000:00:07.0: quirk: [io  0x4100-0x410f] claimed by PIIX4 SMB
[    1.842349] ACPI: PCI Interrupt Link [LNKA] (IRQs 5 9 10 *11)
[    1.865511] ACPI: PCI Interrupt Link [LNKB] (IRQs 5 9 *10 11)
[    1.893018] ACPI: PCI Interrupt Link [LNKC] (IRQs 5 *9 10 11)
[    1.916805] ACPI: PCI Interrupt Link [LNKD] (IRQs 5 9 10 *11)
[    1.946097] SCSI subsystem initialized
[    1.964727] pci 0000:00:02.0: vgaarb: setting as boot VGA device
[    1.968000] pci 0000:00:02.0: vgaarb: VGA device added: decodes=io+mem,owns=io+mem,locks=none
[    2.028023] pci 0000:00:02.0: vgaarb: bridge control possible
[    2.052019] vgaarb: loaded
[    2.060300] ACPI: bus type USB registered
[    2.076076] usbcore: registered new interface driver usbfs
[    2.104063] usbcore: registered new interface driver hub
[    2.124044] usbcore: registered new device driver usb
[    2.149090] EDAC MC: Ver: 3.0.0
[    2.172864] PCI: Using ACPI for IRQ routing
[    2.193611] NetLabel: Initializing
[    2.208011] NetLabel:  domain hash size = 128
[    2.224009] NetLabel:  protocols = UNLABELED CIPSOv4 CALIPSO
[    2.244058] NetLabel:  unlabeled traffic allowed by default
[    2.269075] clocksource: Switched to clocksource kvm-clock
[    2.472396] VFS: Disk quotas dquot_6.6.0
[    2.489763] VFS: Dquot-cache hash table entries: 512 (order 0, 4096 bytes)
[    2.517134] AppArmor: AppArmor Filesystem Enabled
[    2.532609] pnp: PnP ACPI init
[    2.549691] pnp: PnP ACPI: found 3 devices
[    2.579268] clocksource: acpi_pm: mask: 0xffffff max_cycles: 0xffffff, max_idle_ns: 2085701024 ns
[    2.607147] NET: Registered protocol family 2
[    2.623137] IP idents hash table entries: 16384 (order: 5, 131072 bytes)
[    2.645936] TCP established hash table entries: 8192 (order: 4, 65536 bytes)
[    2.667967] TCP bind hash table entries: 8192 (order: 5, 131072 bytes)
[    2.691725] TCP: Hash tables configured (established 8192 bind 8192)
[    2.715755] UDP hash table entries: 512 (order: 2, 16384 bytes)
[    2.738856] UDP-Lite hash table entries: 512 (order: 2, 16384 bytes)
[    2.761883] NET: Registered protocol family 1
[    2.782675] pci 0000:00:00.0: Limiting direct PCI/PCI transfers
[    2.807123] pci 0000:00:01.0: Activating ISA DMA hang workarounds
[    2.833441] pci 0000:00:02.0: Video device with shadowed ROM at [mem 0x000c0000-0x000dffff]
[    2.870477] Unpacking initramfs...
[    3.368038] Freeing initrd memory: 19528K
[    4.755585] clocksource: tsc: mask: 0xffffffffffffffff max_cycles: 0x2135f5e6f15, max_idle_ns: 440795231538 ns
[    4.845450] platform rtc_cmos: registered platform RTC device (no PNP device found)
[    4.875675] Scanning for low memory corruption every 60 seconds
[    4.909268] Initialise system trusted keyrings
[    4.929562] Key type blacklist registered
[    4.950493] workingset: timestamp_bits=36 max_order=18 bucket_order=0
[    4.979109] zbud: loaded
[    5.001005] squashfs: version 4.0 (2009/01/31) Phillip Lougher
[    5.029534] fuse init (API version 7.26)
[    5.128777] Key type asymmetric registered
[    5.146801] Asymmetric key parser 'x509' registered
[    5.162625] Block layer SCSI generic (bsg) driver version 0.4 loaded (major 246)
[    5.190876] io scheduler noop registered
[    5.203820] io scheduler deadline registered
[    5.219049] io scheduler cfq registered (default)
[    5.238457] ACPI: AC Adapter [AC] (off-line)
[    5.255769] input: Power Button as /devices/LNXSYSTM:00/LNXPWRBN:00/input/input0
[    5.285916] ACPI: Power Button [PWRF]
[    5.301296] input: Sleep Button as /devices/LNXSYSTM:00/LNXSLPBN:00/input/input1
[    5.327524] ACPI: Sleep Button [SLPF]
[    5.347412] Serial: 8250/16550 driver, 32 ports, IRQ sharing enabled
[    5.353537] ACPI: Battery Slot [BAT0] (battery present)
[    5.448857] 00:02: ttyS0 at I/O 0x3f8 (irq = 4, base_baud = 115200) is a 16550A
[    5.488952] Linux agpgart interface v0.103
[    5.532217] loop: module loaded
[    5.558447] scsi host0: ata_piix
[    5.575682] scsi host1: ata_piix
[    5.589756] ata1: PATA max UDMA/33 cmd 0x1f0 ctl 0x3f6 bmdma 0xd000 irq 14
[    5.619221] ata2: PATA max UDMA/33 cmd 0x170 ctl 0x376 bmdma 0xd008 irq 15
[    5.649501] tun: Universal TUN/TAP device driver, 1.6
[    5.668858] PPP generic driver version 2.4.2
[    5.687894] ehci_hcd: USB 2.0 'Enhanced' Host Controller (EHCI) Driver
[    5.716946] ehci-pci: EHCI PCI platform driver
[    5.736951] ehci-platform: EHCI generic platform driver
[    5.753885] ohci_hcd: USB 1.1 'Open' Host Controller (OHCI) Driver
[    5.777243] ohci-pci: OHCI PCI platform driver
[    5.793489] ohci-platform: OHCI generic platform driver
[    5.816665] uhci_hcd: USB Universal Host Controller Interface driver
[    5.843151] i8042: PNP: PS/2 Controller [PNP0303:PS2K,PNP0f03:PS2M] at 0x60,0x64 irq 1,12
[    5.894474] serio: i8042 KBD port at 0x60,0x64 irq 1
[    5.907374] serio: i8042 AUX port at 0x60,0x64 irq 12
[    5.967131] mousedev: PS/2 mouse device common for all mice
[    6.005830] rtc_cmos rtc_cmos: rtc core: registered rtc_cmos as rtc0
[    6.033064] input: AT Translated Set 2 keyboard as /devices/platform/i8042/serio0/input/input2
[    6.062695] rtc_cmos rtc_cmos: alarms up to one day, 114 bytes nvram
[    6.087996] i2c /dev entries driver
[    6.103433] device-mapper: uevent: version 1.0.3
[    6.114646] device-mapper: ioctl: 4.37.0-ioctl (2017-09-20) initialised: dm-devel@redhat.com
[    6.141640] ledtrig-cpu: registered to indicate activity on CPUs
[    6.174207] NET: Registered protocol family 10
[    6.234061] Segment Routing with IPv6
[    6.246910] NET: Registered protocol family 17
[    6.261770] Key type dns_resolver registered
[    6.278019] mce: Using 0 MCE banks
[    6.292624] RAS: Correctable Errors collector initialized.
[    6.312298] sched_clock: Marking stable (6311909009, 0)->(9149312509, -2837403500)
[    6.354521] registered taskstats version 1
[    6.371160] Loading compiled-in X.509 certificates
[    6.414997] Loaded X.509 cert 'Build time autogenerated kernel key: b5b26778eaa3ab3a4a6cee031137706e947d12ad'
[    6.454769] Loaded X.509 cert 'Canonical Ltd. Live Patch Signing: 14df34d1a87cf37625abec039ef2bf521249b969'
[    6.493013] Loaded X.509 cert 'Canonical Ltd. Kernel Module Signing: 88f752e560a1e0737e31163a466ad7b70a850c19'
[    6.528136] blacklist: Loading compiled-in revocation X.509 certificates
[    6.552608] Loaded X.509 cert 'Canonical Ltd. Secure Boot Signing: 61482aa2830d0ab2ad5af10b7250da9033ddcef0'
[    6.582655] Loaded X.509 cert 'Canonical Ltd. Secure Boot Signing (2017): 242ade75ac4a15e50d50c84b0d45ff3eae707a03'
[    6.625319] Loaded X.509 cert 'Canonical Ltd. Secure Boot Signing (ESM 2018): 365188c1d374d6b07c3c8f240f8ef722433d6a8b'
[    6.669649] Loaded X.509 cert 'Canonical Ltd. Secure Boot Signing (2019): c0746fd6c5da3ae827864651ad66ae47fe24b3e8'
[    6.707767] Loaded X.509 cert 'Canonical Ltd. Secure Boot Signing (2021 v1): a8d54bbb3825cfb94fa13c9f8a594a195c107b8d'
[    6.747533] Loaded X.509 cert 'Canonical Ltd. Secure Boot Signing (2021 v2): 4cf046892d6fd3c9a5b03f98d845f90851dc6a8c'
[    6.783788] Loaded X.509 cert 'Canonical Ltd. Secure Boot Signing (2021 v3): 100437bb6de6e469b581e61cd66bce3ef4ed53af'
[    6.826062] Loaded X.509 cert 'Canonical Ltd. Secure Boot Signing (Ubuntu Core 2019): c1d57b8f6b743f23ee41f4f7ee292f06eecadfb9'
[    6.868940] zswap: loaded using pool lzo/zbud
[    6.932736] Key type big_key registered
[    6.945503] Key type trusted registered
[    6.969528] Key type encrypted registered
[    6.985877] AppArmor: AppArmor sha1 policy hashing enabled
[    7.006356] ima: No TPM chip found, activating TPM-bypass! (rc=-19)
[    7.026684] ima: Allocated hash algorithm: sha1
[    7.041331] evm: HMAC attrs: 0x1
[    7.055862]   Magic number: 10:210:778
[    7.073843] rtc_cmos rtc_cmos: setting system clock to 2026-01-14 09:46:48 UTC (1768384008)
[    7.106992] BIOS EDD facility v0.16 2004-Jun-25, 0 devices found
[    7.129249] EDD information not available.
[    7.157246] Freeing unused kernel image memory: 2480K
[    7.184973] Write protecting the kernel read-only data: 20480k
[    7.210605] Freeing unused kernel image memory: 2008K
[    7.231824] Freeing unused kernel image memory: 1820K
[    7.271906] x86/mm: Checked W+X mappings: passed, no W+X pages found.
Loading, please wait...
starting version 237
[    7.705071] Fusion MPT base driver 3.04.20
[    7.718011] Copyright (c) 1999-2008 LSI Corporation
[    7.793914] e1000: Intel(R) PRO/1000 Network Driver - version 7.3.21-k8-NAPI
[    7.816975] e1000: Copyright (c) 1999-2006 Intel Corporation.
[    7.979407] Fusion MPT SPI Host driver 3.04.20
[    8.006973] SSE version of gcm_enc/dec engaged.
[    8.246745] input: ImExPS/2 Generic Explorer Mouse as /devices/platform/i8042/serio1/input/input4
[    9.884498] e1000 0000:00:03.0 eth0: (PCI:33MHz:32-bit) 02:3b:7b:b7:3b:2d
[    9.903987] e1000 0000:00:03.0 eth0: Intel(R) PRO/1000 Network Connection
[    9.926062] mptbase: ioc0: Initiating bringup
[   10.880346] ioc0: LSI53C1030 A0: Capabilities={Initiator}
[   11.786061] scsi host2: ioc0: LSI53C1030 A0, FwRev=00000000h, Ports=1, MaxQ=256, IRQ=20
[   12.027487] scsi 2:0:0:0: Direct-Access     VBOX     HARDDISK         1.0  PQ: 0 ANSI: 5
[   12.088380] scsi target2:0:0: Beginning Domain Validation
[   12.134579] scsi target2:0:0: Domain Validation skipping write tests
[   12.158044] scsi target2:0:0: Ending Domain Validation
[   12.177828] scsi target2:0:0: asynchronous
[   12.201490] scsi 2:0:1:0: Direct-Access     VBOX     HARDDISK         1.0  PQ: 0 ANSI: 5
[   12.508798] scsi target2:0:1: Beginning Domain Validation
[   12.550127] scsi target2:0:1: Domain Validation skipping write tests
[   12.570116] scsi target2:0:1: Ending Domain Validation
[   12.591590] scsi target2:0:1: asynchronous
[   12.659817] sd 2:0:0:0: [sda] 83886080 512-byte logical blocks: (42.9 GB/40.0 GiB)
[   12.690520] sd 2:0:0:0: Attached scsi generic sg0 type 0
[   12.710833] sd 2:0:0:0: [sda] Write Protect is off
[   12.730574] sd 2:0:1:0: Attached scsi generic sg1 type 0
[   12.755189] sd 2:0:1:0: [sdb] 20480 512-byte logical blocks: (10.5 MB/10.0 MiB)
[   12.787156] sd 2:0:1:0: [sdb] Write Protect is off
[   12.809266] sd 2:0:0:0: [sda] Incomplete mode parameter data
[   12.833372] sd 2:0:0:0: [sda] Assuming drive cache: write through
[   12.857171] sd 2:0:1:0: [sdb] Incomplete mode parameter data
[   12.878615] sd 2:0:1:0: [sdb] Assuming drive cache: write through
[   12.922129]  sda: sda1
[   12.955014] sd 2:0:1:0: [sdb] Attached SCSI disk
[   12.969679] sd 2:0:0:0: [sda] Attached SCSI disk
[   13.807597] e1000 0000:00:08.0 eth1: (PCI:33MHz:32-bit) 08:00:27:74:87:39
[   13.831893] e1000 0000:00:08.0 eth1: Intel(R) PRO/1000 Network Connection
[   13.862775] e1000 0000:00:08.0 enp0s8: renamed from eth1
